# JRE version: Java(TM) SE Runtime Environment (8.0_211-b12) (build 1.8.0_211-b12)
# Java VM: Java HotSpot(TM) 64-Bit Server VM (25.211-b12 mixed mode windows-amd64 compressed oops)
Heap:
 PSYoungGen      total 116736K, used 41479K [0x000000076b180000, 0x0000000773100000, 0x00000007c0000000)
  eden space 104960K, 36% used [0x000000076b180000,0x000000076d71c1b8,0x0000000771800000)
  from space 11776K, 25% used [0x0000000772580000,0x0000000772865cc0,0x0000000773100000)
  to   space 12800K, 0% used [0x0000000771800000,0x0000000771800000,0x0000000772480000)
 ParOldGen       total 175104K, used 2982K [0x00000006c1400000, 0x00000006cbf00000, 0x000000076b180000)
  object space 175104K, 1% used [0x00000006c1400000,0x00000006c16e9a40,0x00000006cbf00000)
 Metaspace       used 9310K, capacity 9562K, committed 9600K, reserved 1058816K
  class space    used 1041K, capacity 1131K, committed 1152K, reserved 1048576K
GC Heap History (10 events):
Event: 4.908 GC heap before
{Heap before GC invocations=14 (full 0):
 PSYoungGen      total 117760K, used 106508K [0x000000076b180000, 0x0000000773100000, 0x00000007c0000000)
  eden space 104960K, 98% used [0x000000076b180000,0x000000077164e308,0x0000000771800000)
  from space 12800K, 25% used [0x0000000771800000,0x0000000771b34d48,0x0000000772480000)
  to   space 11776K, 0% used [0x0000000772580000,0x0000000772580000,0x0000000773100000)
 ParOldGen       total 175104K, used 2942K [0x00000006c1400000, 0x00000006cbf00000, 0x000000076b180000)
  object space 175104K, 1% used [0x00000006c1400000,0x00000006c16dfa40,0x00000006cbf00000)
 Metaspace       used 9285K, capacity 9498K, committed 9600K, reserved 1058816K
  class space    used 1037K, capacity 1131K, committed 1152K, reserved 1048576K
Event: 4.910 GC heap after
Heap after GC invocations=14 (full 0):
 PSYoungGen      total 116736K, used 6353K [0x000000076b180000, 0x0000000773100000, 0x00000007c0000000)
  eden space 104960K, 0% used [0x000000076b180000,0x000000076b180000,0x0000000771800000)
  from space 11776K, 53% used [0x0000000772580000,0x0000000772bb4510,0x0000000773100000)
  to   space 12800K, 0% used [0x0000000771800000,0x0000000771800000,0x0000000772480000)
 ParOldGen       total 175104K, used 2950K [0x00000006c1400000, 0x00000006cbf00000, 0x000000076b180000)
  object space 175104K, 1% used [0x00000006c1400000,0x00000006c16e1a40,0x00000006cbf00000)
 Metaspace       used 9285K, capacity 9498K, committed 9600K, reserved 1058816K
  class space    used 1037K, capacity 1131K, committed 1152K, reserved 1048576K
}
Event: 4.938 GC heap before
{Heap before GC invocations=15 (full 0):
 PSYoungGen      total 116736K, used 110583K [0x000000076b180000, 0x0000000773100000, 0x00000007c0000000)
  eden space 104960K, 99% used [0x000000076b180000,0x0000000771749748,0x0000000771800000)
  from space 11776K, 53% used [0x0000000772580000,0x0000000772bb4510,0x0000000773100000)
  to   space 12800K, 0% used [0x0000000771800000,0x0000000771800000,0x0000000772480000)
 ParOldGen       total 175104K, used 2950K [0x00000006c1400000, 0x00000006cbf00000, 0x000000076b180000)
  object space 175104K, 1% used [0x00000006c1400000,0x00000006c16e1a40,0x00000006cbf00000)
 Metaspace       used 9287K, capacity 9498K, committed 9600K, reserved 1058816K
  class space    used 1037K, capacity 1131K, committed 1152K, reserved 1048576K
Event: 4.939 GC heap after
Heap after GC invocations=15 (full 0):
 PSYoungGen      total 117760K, used 6216K [0x000000076b180000, 0x0000000773100000, 0x00000007c0000000)
  eden space 104960K, 0% used [0x000000076b180000,0x000000076b180000,0x0000000771800000)
  from space 12800K, 48% used [0x0000000771800000,0x0000000771e12128,0x0000000772480000)
  to   space 11776K, 0% used [0x0000000772580000,0x0000000772580000,0x0000000773100000)
 ParOldGen       total 175104K, used 2958K [0x00000006c1400000, 0x00000006cbf00000, 0x000000076b180000)
  object space 175104K, 1% used [0x00000006c1400000,0x00000006c16e3a40,0x00000006cbf00000)
 Metaspace       used 9287K, capacity 9498K, committed 9600K, reserved 1058816K
  class space    used 1037K, capacity 1131K, committed 1152K, reserved 1048576K
}
Event: 4.964 GC heap before
{Heap before GC invocations=16 (full 0):
 PSYoungGen      total 117760K, used 111098K [0x000000076b180000, 0x0000000773100000, 0x00000007c0000000)
  eden space 104960K, 99% used [0x000000076b180000,0x00000007717ec830,0x0000000771800000)
  from space 12800K, 48% used [0x0000000771800000,0x0000000771e12128,0x0000000772480000)
  to   space 11776K, 0% used [0x0000000772580000,0x0000000772580000,0x0000000773100000)
 ParOldGen       total 175104K, used 2958K [0x00000006c1400000, 0x00000006cbf00000, 0x000000076b180000)
  object space 175104K, 1% used [0x00000006c1400000,0x00000006c16e3a40,0x00000006cbf00000)
 Metaspace       used 9292K, capacity 9562K, committed 9600K, reserved 1058816K
  class space    used 1037K, capacity 1131K, committed 1152K, reserved 1048576K
Event: 4.965 GC heap after
Heap after GC invocations=16 (full 0):
 PSYoungGen      total 116736K, used 6084K [0x000000076b180000, 0x0000000773100000, 0x00000007c0000000)
  eden space 104960K, 0% used [0x000000076b180000,0x000000076b180000,0x0000000771800000)
  from space 11776K, 51% used [0x0000000772580000,0x0000000772b712e8,0x0000000773100000)
  to   space 12800K, 0% used [0x0000000771800000,0x0000000771800000,0x0000000772480000)
 ParOldGen       total 175104K, used 2966K [0x00000006c1400000, 0x00000006cbf00000, 0x000000076b180000)
  object space 175104K, 1% used [0x00000006c1400000,0x00000006c16e5a40,0x00000006cbf00000)
 Metaspace       used 9292K, capacity 9562K, committed 9600K, reserved 1058816K
  class space    used 1037K, capacity 1131K, committed 1152K, reserved 1048576K
}
Event: 4.987 GC heap before
{Heap before GC invocations=17 (full 0):
 PSYoungGen      total 116736K, used 108795K [0x000000076b180000, 0x0000000773100000, 0x00000007c0000000)
  eden space 104960K, 97% used [0x000000076b180000,0x00000007715cd9f8,0x0000000771800000)
  from space 11776K, 51% used [0x0000000772580000,0x0000000772b712e8,0x0000000773100000)
  to   space 12800K, 0% used [0x0000000771800000,0x0000000771800000,0x0000000772480000)
 ParOldGen       total 175104K, used 2966K [0x00000006c1400000, 0x00000006cbf00000, 0x000000076b180000)
  object space 175104K, 1% used [0x00000006c1400000,0x00000006c16e5a40,0x00000006cbf00000)
 Metaspace       used 9292K, capacity 9562K, committed 9600K, reserved 1058816K
  class space    used 1037K, capacity 1131K, committed 1152K, reserved 1048576K
Event: 4.988 GC heap after
Heap after GC invocations=17 (full 0):
 PSYoungGen      total 117760K, used 3021K [0x000000076b180000, 0x0000000773100000, 0x00000007c0000000)
  eden space 104960K, 0% used [0x000000076b180000,0x000000076b180000,0x0000000771800000)
  from space 12800K, 23% used [0x0000000771800000,0x0000000771af3720,0x0000000772480000)
  to   space 11776K, 0% used [0x0000000772580000,0x0000000772580000,0x0000000773100000)
 ParOldGen       total 175104K, used 2982K [0x00000006c1400000, 0x00000006cbf00000, 0x000000076b180000)
  object space 175104K, 1% used [0x00000006c1400000,0x00000006c16e9a40,0x00000006cbf00000)
 Metaspace       used 9292K, capacity 9562K, committed 9600K, reserved 1058816K
  class space    used 1037K, capacity 1131K, committed 1152K, reserved 1048576K
}
Event: 5.018 GC heap before
{Heap before GC invocations=18 (full 0):
 PSYoungGen      total 117760K, used 106403K [0x000000076b180000, 0x0000000773100000, 0x00000007c0000000)
  eden space 104960K, 98% used [0x000000076b180000,0x0000000771675650,0x0000000771800000)
  from space 12800K, 23% used [0x0000000771800000,0x0000000771af3720,0x0000000772480000)
  to   space 11776K, 0% used [0x0000000772580000,0x0000000772580000,0x0000000773100000)
 ParOldGen       total 175104K, used 2982K [0x00000006c1400000, 0x00000006cbf00000, 0x000000076b180000)
  object space 175104K, 1% used [0x00000006c1400000,0x00000006c16e9a40,0x00000006cbf00000)
 Metaspace       used 9293K, capacity 9562K, committed 9600K, reserved 1058816K
  class space    used 1038K, capacity 1131K, committed 1152K, reserved 1048576K
Event: 5.019 GC heap after
Heap after GC invocations=18 (full 0):
 PSYoungGen      total 116736K, used 2967K [0x000000076b180000, 0x0000000773100000, 0x00000007c0000000)
  eden space 104960K, 0% used [0x000000076b180000,0x000000076b180000,0x0000000771800000)
  from space 11776K, 25% used [0x0000000772580000,0x0000000772865cc0,0x0000000773100000)
  to   space 12800K, 0% used [0x0000000771800000,0x0000000771800000,0x0000000772480000)
 ParOldGen       total 175104K, used 2982K [0x00000006c1400000, 0x00000006cbf00000, 0x000000076b180000)
  object space 175104K, 1% used [0x00000006c1400000,0x00000006c16e9a40,0x00000006cbf00000)
 Metaspace       used 9293K, capacity 9562K, committed 9600K, reserved 1058816K
  class space    used 1038K, capacity 1131K, committed 1152K, reserved 1048576K
}

